<?xml version="1.0" encoding="UTF-8"?>
<!-- Generated by org.testng.reporters.JUnitReportReporter -->
<testsuite hostname="LTIN423436" failures="0" tests="2" name="pom.test.Test" time="9.229" errors="0" timestamp="2024-02-20T15:42:48 IST" skipped="0">
  <testcase classname="pom.test.Test" name="searchOperation" time="7.740"/>
  <system-out/>
  <testcase classname="pom.test.Test" name="facebookOperation" time="1.489"/>
  <system-out/>
</testsuite> <!-- pom.test.Test -->
