<?xml version="1.0" encoding="UTF-8"?>
<!-- Generated by org.testng.reporters.JUnitReportReporter -->
<testsuite hostname="LTIN423436" failures="0" tests="1" name="page.object.ParallelExecution" time="8.835" errors="0" timestamp="2024-02-22T16:32:01 IST" skipped="0">
  <testcase classname="page.object.ParallelExecution" name="executSessionOne" time="8.835"/>
  <system-out/>
</testsuite> <!-- page.object.ParallelExecution -->
