<?xml version="1.0" encoding="UTF-8"?>
<!-- Generated by org.testng.reporters.JUnitReportReporter -->
<testsuite hostname="LTIN423436" failures="0" tests="5" name="page.object.DataProvider" time="52.975" errors="0" timestamp="2024-02-23T19:43:11 IST" skipped="0">
  <testcase classname="page.object.DataProvider" name="login" time="10.125"/>
  <system-out/>
  <testcase classname="page.object.DataProvider" name="login" time="18.162"/>
  <system-out/>
  <testcase classname="page.object.DataProvider" name="login" time="6.670"/>
  <system-out/>
  <testcase classname="page.object.DataProvider" name="login" time="7.896"/>
  <system-out/>
  <testcase classname="page.object.DataProvider" name="login" time="10.122"/>
  <system-out/>
</testsuite> <!-- page.object.DataProvider -->
